<?xml version="1.0" encoding="UTF-8"?>
<testng-results ignored="0" total="6" passed="6" failed="0" skipped="0">
  <reporter-output>
  </reporter-output>
  <suite started-at="2023-07-25T23:49:53 AEST" name="Default suite" finished-at="2023-07-25T23:50:01 AEST" duration-ms="8413">
    <groups>
      <group name="cucumber">
        <method signature="AbstractTestNGCucumberTests.runScenario(io.cucumber.testng.PickleWrapper,io.cucumber.testng.FeatureWrapper)[pri:0, instance:cucumber.Options.TestRunner@4d0d9fe7]" name="runScenario" class="io.cucumber.testng.AbstractTestNGCucumberTests"/>
      </group> <!-- cucumber -->
    </groups>
    <test started-at="2023-07-25T23:49:53 AEST" name="Default test" finished-at="2023-07-25T23:50:01 AEST" duration-ms="8413">
      <class name="cucumber.Options.TestRunner">
        <test-method is-config="true" signature="setUpClass(org.testng.ITestContext)[pri:0, instance:cucumber.Options.TestRunner@4d0d9fe7]" started-at="2023-07-25T23:49:53 AEST" name="setUpClass" finished-at="2023-07-25T23:49:53 AEST" duration-ms="253" status="PASS">
          <params>
            <param index="0">
              <value>
                <![CDATA[org.testng.TestRunner@bfe47a8]]>
              </value>
            </param>
          </params>
          <reporter-output>
          </reporter-output>
        </test-method> <!-- setUpClass -->
        <test-method signature="runScenario(io.cucumber.testng.PickleWrapper,io.cucumber.testng.FeatureWrapper)[pri:0, instance:cucumber.Options.TestRunner@4d0d9fe7]" started-at="2023-07-25T23:49:53 AEST" name="runScenario" description="Runs Cucumber Scenarios" data-provider="scenarios" finished-at="2023-07-25T23:49:57 AEST" duration-ms="3248" status="PASS">
          <params>
            <param index="0">
              <value>
                <![CDATA["Get current weather data by latitude and longitude"]]>
              </value>
            </param>
            <param index="1">
              <value>
                <![CDATA["Weather API Testing"]]>
              </value>
            </param>
          </params>
          <reporter-output>
          </reporter-output>
        </test-method> <!-- runScenario -->
        <test-method signature="runScenario(io.cucumber.testng.PickleWrapper,io.cucumber.testng.FeatureWrapper)[pri:0, instance:cucumber.Options.TestRunner@4d0d9fe7]" started-at="2023-07-25T23:49:57 AEST" name="runScenario" description="Runs Cucumber Scenarios" data-provider="scenarios" finished-at="2023-07-25T23:49:57 AEST" duration-ms="939" status="PASS">
          <params>
            <param index="0">
              <value>
                <![CDATA["Get current weather data by latitude and longitude"]]>
              </value>
            </param>
            <param index="1">
              <value>
                <![CDATA["Weather API Testing"]]>
              </value>
            </param>
          </params>
          <reporter-output>
          </reporter-output>
        </test-method> <!-- runScenario -->
        <test-method signature="runScenario(io.cucumber.testng.PickleWrapper,io.cucumber.testng.FeatureWrapper)[pri:0, instance:cucumber.Options.TestRunner@4d0d9fe7]" started-at="2023-07-25T23:49:57 AEST" name="runScenario" description="Runs Cucumber Scenarios" data-provider="scenarios" finished-at="2023-07-25T23:49:58 AEST" duration-ms="935" status="PASS">
          <params>
            <param index="0">
              <value>
                <![CDATA["Get current weather data by latitude and longitude"]]>
              </value>
            </param>
            <param index="1">
              <value>
                <![CDATA["Weather API Testing"]]>
              </value>
            </param>
          </params>
          <reporter-output>
          </reporter-output>
        </test-method> <!-- runScenario -->
        <test-method signature="runScenario(io.cucumber.testng.PickleWrapper,io.cucumber.testng.FeatureWrapper)[pri:0, instance:cucumber.Options.TestRunner@4d0d9fe7]" started-at="2023-07-25T23:49:58 AEST" name="runScenario" description="Runs Cucumber Scenarios" data-provider="scenarios" finished-at="2023-07-25T23:49:59 AEST" duration-ms="951" status="PASS">
          <params>
            <param index="0">
              <value>
                <![CDATA["Get current weather data by postal code"]]>
              </value>
            </param>
            <param index="1">
              <value>
                <![CDATA["Weather API Testing"]]>
              </value>
            </param>
          </params>
          <reporter-output>
          </reporter-output>
        </test-method> <!-- runScenario -->
        <test-method signature="runScenario(io.cucumber.testng.PickleWrapper,io.cucumber.testng.FeatureWrapper)[pri:0, instance:cucumber.Options.TestRunner@4d0d9fe7]" started-at="2023-07-25T23:49:59 AEST" name="runScenario" description="Runs Cucumber Scenarios" data-provider="scenarios" finished-at="2023-07-25T23:50:00 AEST" duration-ms="926" status="PASS">
          <params>
            <param index="0">
              <value>
                <![CDATA["Get current weather data by postal code"]]>
              </value>
            </param>
            <param index="1">
              <value>
                <![CDATA["Weather API Testing"]]>
              </value>
            </param>
          </params>
          <reporter-output>
          </reporter-output>
        </test-method> <!-- runScenario -->
        <test-method signature="runScenario(io.cucumber.testng.PickleWrapper,io.cucumber.testng.FeatureWrapper)[pri:0, instance:cucumber.Options.TestRunner@4d0d9fe7]" started-at="2023-07-25T23:50:00 AEST" name="runScenario" description="Runs Cucumber Scenarios" data-provider="scenarios" finished-at="2023-07-25T23:50:01 AEST" duration-ms="911" status="PASS">
          <params>
            <param index="0">
              <value>
                <![CDATA["Get current weather data by postal code"]]>
              </value>
            </param>
            <param index="1">
              <value>
                <![CDATA["Weather API Testing"]]>
              </value>
            </param>
          </params>
          <reporter-output>
          </reporter-output>
        </test-method> <!-- runScenario -->
        <test-method is-config="true" signature="tearDownClass()[pri:0, instance:cucumber.Options.TestRunner@4d0d9fe7]" started-at="2023-07-25T23:50:01 AEST" name="tearDownClass" finished-at="2023-07-25T23:50:01 AEST" duration-ms="197" status="PASS">
          <reporter-output>
          </reporter-output>
        </test-method> <!-- tearDownClass -->
      </class> <!-- cucumber.Options.TestRunner -->
    </test> <!-- Default test -->
  </suite> <!-- Default suite -->
</testng-results>
